[2012-01-31 13:15:59] INFO  WEBrick 1.3.1
[2012-01-31 13:15:59] INFO  ruby 1.9.2 (2011-07-09) [x86_64-linux]
[2012-01-31 13:15:59] INFO  WEBrick::HTTPServer#start: pid=6445 port=8989
=> Booting WEBrick
=> Rails 3.1.3 application starting in development on http://0.0.0.0:8989
=> Call with -d to detach
=> Ctrl-C to shutdown server


Started GET "/" for 172.21.226.20 at 2012-01-31 13:16:06 +0800
  Processing by ServersController#index as HTML
  [1m[36mServer Load (0.4ms)[0m  [1mSELECT "servers".* FROM "servers" [0m
  [1m[35mProject Load (0.1ms)[0m  SELECT "projects".* FROM "projects" WHERE "projects"."id" = 1 LIMIT 1
  [1m[36mTag Load (0.2ms)[0m  [1mSELECT "tags".* FROM "tags" INNER JOIN "servers_tags" ON "tags"."id" = "servers_tags"."tag_id" WHERE "servers_tags"."server_id" = 6[0m
  [1m[35mCACHE (0.0ms)[0m  SELECT "projects".* FROM "projects" WHERE "projects"."id" = 1 LIMIT 1
  [1m[36mTag Load (0.2ms)[0m  [1mSELECT "tags".* FROM "tags" INNER JOIN "servers_tags" ON "tags"."id" = "servers_tags"."tag_id" WHERE "servers_tags"."server_id" = 7[0m
  [1m[35mCACHE (0.0ms)[0m  SELECT "projects".* FROM "projects" WHERE "projects"."id" = 1 LIMIT 1
  [1m[36mTag Load (0.1ms)[0m  [1mSELECT "tags".* FROM "tags" INNER JOIN "servers_tags" ON "tags"."id" = "servers_tags"."tag_id" WHERE "servers_tags"."server_id" = 8[0m
  [1m[35mCACHE (0.0ms)[0m  SELECT "projects".* FROM "projects" WHERE "projects"."id" = 1 LIMIT 1
  [1m[36mTag Load (0.1ms)[0m  [1mSELECT "tags".* FROM "tags" INNER JOIN "servers_tags" ON "tags"."id" = "servers_tags"."tag_id" WHERE "servers_tags"."server_id" = 9[0m
  [1m[35mCACHE (0.0ms)[0m  SELECT "projects".* FROM "projects" WHERE "projects"."id" = 1 LIMIT 1
  [1m[36mTag Load (0.1ms)[0m  [1mSELECT "tags".* FROM "tags" INNER JOIN "servers_tags" ON "tags"."id" = "servers_tags"."tag_id" WHERE "servers_tags"."server_id" = 10[0m
  [1m[35mCACHE (0.0ms)[0m  SELECT "projects".* FROM "projects" WHERE "projects"."id" = 1 LIMIT 1
  [1m[36mTag Load (0.1ms)[0m  [1mSELECT "tags".* FROM "tags" INNER JOIN "servers_tags" ON "tags"."id" = "servers_tags"."tag_id" WHERE "servers_tags"."server_id" = 11[0m
  [1m[35mCACHE (0.0ms)[0m  SELECT "projects".* FROM "projects" WHERE "projects"."id" = 1 LIMIT 1
  [1m[36mTag Load (0.1ms)[0m  [1mSELECT "tags".* FROM "tags" INNER JOIN "servers_tags" ON "tags"."id" = "servers_tags"."tag_id" WHERE "servers_tags"."server_id" = 12[0m
  [1m[35mCACHE (0.0ms)[0m  SELECT "projects".* FROM "projects" WHERE "projects"."id" = 1 LIMIT 1
  [1m[36mTag Load (0.1ms)[0m  [1mSELECT "tags".* FROM "tags" INNER JOIN "servers_tags" ON "tags"."id" = "servers_tags"."tag_id" WHERE "servers_tags"."server_id" = 13[0m
  [1m[35mCACHE (0.0ms)[0m  SELECT "projects".* FROM "projects" WHERE "projects"."id" = 1 LIMIT 1
  [1m[36mTag Load (0.1ms)[0m  [1mSELECT "tags".* FROM "tags" INNER JOIN "servers_tags" ON "tags"."id" = "servers_tags"."tag_id" WHERE "servers_tags"."server_id" = 14[0m
  [1m[35mCACHE (0.0ms)[0m  SELECT "projects".* FROM "projects" WHERE "projects"."id" = 1 LIMIT 1
  [1m[36mTag Load (0.1ms)[0m  [1mSELECT "tags".* FROM "tags" INNER JOIN "servers_tags" ON "tags"."id" = "servers_tags"."tag_id" WHERE "servers_tags"."server_id" = 15[0m
  [1m[35mCACHE (0.0ms)[0m  SELECT "projects".* FROM "projects" WHERE "projects"."id" = 1 LIMIT 1
  [1m[36mTag Load (0.1ms)[0m  [1mSELECT "tags".* FROM "tags" INNER JOIN "servers_tags" ON "tags"."id" = "servers_tags"."tag_id" WHERE "servers_tags"."server_id" = 16[0m
  [1m[35mCACHE (0.0ms)[0m  SELECT "projects".* FROM "projects" WHERE "projects"."id" = 1 LIMIT 1
  [1m[36mTag Load (0.1ms)[0m  [1mSELECT "tags".* FROM "tags" INNER JOIN "servers_tags" ON "tags"."id" = "servers_tags"."tag_id" WHERE "servers_tags"."server_id" = 17[0m
  [1m[35mCACHE (0.0ms)[0m  SELECT "projects".* FROM "projects" WHERE "projects"."id" = 1 LIMIT 1
  [1m[36mTag Load (0.1ms)[0m  [1mSELECT "tags".* FROM "tags" INNER JOIN "servers_tags" ON "tags"."id" = "servers_tags"."tag_id" WHERE "servers_tags"."server_id" = 18[0m
  [1m[35mCACHE (0.0ms)[0m  SELECT "projects".* FROM "projects" WHERE "projects"."id" = 1 LIMIT 1
  [1m[36mTag Load (0.1ms)[0m  [1mSELECT "tags".* FROM "tags" INNER JOIN "servers_tags" ON "tags"."id" = "servers_tags"."tag_id" WHERE "servers_tags"."server_id" = 19[0m
  [1m[35mCACHE (0.0ms)[0m  SELECT "projects".* FROM "projects" WHERE "projects"."id" = 1 LIMIT 1
  [1m[36mTag Load (0.1ms)[0m  [1mSELECT "tags".* FROM "tags" INNER JOIN "servers_tags" ON "tags"."id" = "servers_tags"."tag_id" WHERE "servers_tags"."server_id" = 20[0m
  [1m[35mCACHE (0.0ms)[0m  SELECT "projects".* FROM "projects" WHERE "projects"."id" = 1 LIMIT 1
  [1m[36mTag Load (0.1ms)[0m  [1mSELECT "tags".* FROM "tags" INNER JOIN "servers_tags" ON "tags"."id" = "servers_tags"."tag_id" WHERE "servers_tags"."server_id" = 21[0m
  [1m[35mCACHE (0.0ms)[0m  SELECT "projects".* FROM "projects" WHERE "projects"."id" = 1 LIMIT 1
  [1m[36mTag Load (0.1ms)[0m  [1mSELECT "tags".* FROM "tags" INNER JOIN "servers_tags" ON "tags"."id" = "servers_tags"."tag_id" WHERE "servers_tags"."server_id" = 22[0m
  [1m[35mCACHE (0.0ms)[0m  SELECT "projects".* FROM "projects" WHERE "projects"."id" = 1 LIMIT 1
  [1m[36mTag Load (0.1ms)[0m  [1mSELECT "tags".* FROM "tags" INNER JOIN "servers_tags" ON "tags"."id" = "servers_tags"."tag_id" WHERE "servers_tags"."server_id" = 23[0m
  [1m[35mCACHE (0.0ms)[0m  SELECT "projects".* FROM "projects" WHERE "projects"."id" = 1 LIMIT 1
  [1m[36mTag Load (0.1ms)[0m  [1mSELECT "tags".* FROM "tags" INNER JOIN "servers_tags" ON "tags"."id" = "servers_tags"."tag_id" WHERE "servers_tags"."server_id" = 24[0m
  [1m[35mCACHE (0.0ms)[0m  SELECT "projects".* FROM "projects" WHERE "projects"."id" = 1 LIMIT 1
  [1m[36mTag Load (0.1ms)[0m  [1mSELECT "tags".* FROM "tags" INNER JOIN "servers_tags" ON "tags"."id" = "servers_tags"."tag_id" WHERE "servers_tags"."server_id" = 25[0m
  [1m[35mCACHE (0.0ms)[0m  SELECT "projects".* FROM "projects" WHERE "projects"."id" = 1 LIMIT 1
  [1m[36mTag Load (0.1ms)[0m  [1mSELECT "tags".* FROM "tags" INNER JOIN "servers_tags" ON "tags"."id" = "servers_tags"."tag_id" WHERE "servers_tags"."server_id" = 26[0m
  [1m[35mCACHE (0.0ms)[0m  SELECT "projects".* FROM "projects" WHERE "projects"."id" = 1 LIMIT 1
  [1m[36mTag Load (0.1ms)[0m  [1mSELECT "tags".* FROM "tags" INNER JOIN "servers_tags" ON "tags"."id" = "servers_tags"."tag_id" WHERE "servers_tags"."server_id" = 27[0m
  [1m[35mCACHE (0.0ms)[0m  SELECT "projects".* FROM "projects" WHERE "projects"."id" = 1 LIMIT 1
  [1m[36mTag Load (0.1ms)[0m  [1mSELECT "tags".* FROM "tags" INNER JOIN "servers_tags" ON "tags"."id" = "servers_tags"."tag_id" WHERE "servers_tags"."server_id" = 28[0m
  [1m[35mCACHE (0.0ms)[0m  SELECT "projects".* FROM "projects" WHERE "projects"."id" = 1 LIMIT 1
  [1m[36mTag Load (0.1ms)[0m  [1mSELECT "tags".* FROM "tags" INNER JOIN "servers_tags" ON "tags"."id" = "servers_tags"."tag_id" WHERE "servers_tags"."server_id" = 29[0m
  [1m[35mCACHE (0.0ms)[0m  SELECT "projects".* FROM "projects" WHERE "projects"."id" = 1 LIMIT 1
  [1m[36mTag Load (0.1ms)[0m  [1mSELECT "tags".* FROM "tags" INNER JOIN "servers_tags" ON "tags"."id" = "servers_tags"."tag_id" WHERE "servers_tags"."server_id" = 30[0m
  [1m[35mCACHE (0.0ms)[0m  SELECT "projects".* FROM "projects" WHERE "projects"."id" = 1 LIMIT 1
  [1m[36mTag Load (0.1ms)[0m  [1mSELECT "tags".* FROM "tags" INNER JOIN "servers_tags" ON "tags"."id" = "servers_tags"."tag_id" WHERE "servers_tags"."server_id" = 31[0m
  [1m[35mCACHE (0.0ms)[0m  SELECT "projects".* FROM "projects" WHERE "projects"."id" = 1 LIMIT 1
  [1m[36mTag Load (0.1ms)[0m  [1mSELECT "tags".* FROM "tags" INNER JOIN "servers_tags" ON "tags"."id" = "servers_tags"."tag_id" WHERE "servers_tags"."server_id" = 32[0m
  [1m[35mCACHE (0.0ms)[0m  SELECT "projects".* FROM "projects" WHERE "projects"."id" = 1 LIMIT 1
  [1m[36mTag Load (0.1ms)[0m  [1mSELECT "tags".* FROM "tags" INNER JOIN "servers_tags" ON "tags"."id" = "servers_tags"."tag_id" WHERE "servers_tags"."server_id" = 33[0m
  [1m[35mCACHE (0.0ms)[0m  SELECT "projects".* FROM "projects" WHERE "projects"."id" = 1 LIMIT 1
  [1m[36mTag Load (0.4ms)[0m  [1mSELECT "tags".* FROM "tags" INNER JOIN "servers_tags" ON "tags"."id" = "servers_tags"."tag_id" WHERE "servers_tags"."server_id" = 34[0m
  [1m[35mCACHE (0.0ms)[0m  SELECT "projects".* FROM "projects" WHERE "projects"."id" = 1 LIMIT 1
  [1m[36mTag Load (0.1ms)[0m  [1mSELECT "tags".* FROM "tags" INNER JOIN "servers_tags" ON "tags"."id" = "servers_tags"."tag_id" WHERE "servers_tags"."server_id" = 35[0m
  [1m[35mCACHE (0.0ms)[0m  SELECT "projects".* FROM "projects" WHERE "projects"."id" = 1 LIMIT 1
  [1m[36mTag Load (0.1ms)[0m  [1mSELECT "tags".* FROM "tags" INNER JOIN "servers_tags" ON "tags"."id" = "servers_tags"."tag_id" WHERE "servers_tags"."server_id" = 36[0m
  [1m[35mCACHE (0.0ms)[0m  SELECT "projects".* FROM "projects" WHERE "projects"."id" = 1 LIMIT 1
  [1m[36mTag Load (0.1ms)[0m  [1mSELECT "tags".* FROM "tags" INNER JOIN "servers_tags" ON "tags"."id" = "servers_tags"."tag_id" WHERE "servers_tags"."server_id" = 37[0m
  [1m[35mCACHE (0.0ms)[0m  SELECT "projects".* FROM "projects" WHERE "projects"."id" = 1 LIMIT 1
  [1m[36mTag Load (0.1ms)[0m  [1mSELECT "tags".* FROM "tags" INNER JOIN "servers_tags" ON "tags"."id" = "servers_tags"."tag_id" WHERE "servers_tags"."server_id" = 38[0m
  [1m[35mCACHE (0.0ms)[0m  SELECT "projects".* FROM "projects" WHERE "projects"."id" = 1 LIMIT 1
  [1m[36mTag Load (0.1ms)[0m  [1mSELECT "tags".* FROM "tags" INNER JOIN "servers_tags" ON "tags"."id" = "servers_tags"."tag_id" WHERE "servers_tags"."server_id" = 41[0m
  [1m[35mCACHE (0.0ms)[0m  SELECT "projects".* FROM "projects" WHERE "projects"."id" = 1 LIMIT 1
  [1m[36mTag Load (0.1ms)[0m  [1mSELECT "tags".* FROM "tags" INNER JOIN "servers_tags" ON "tags"."id" = "servers_tags"."tag_id" WHERE "servers_tags"."server_id" = 42[0m
  [1m[35mCACHE (0.0ms)[0m  SELECT "projects".* FROM "projects" WHERE "projects"."id" = 1 LIMIT 1
  [1m[36mTag Load (0.1ms)[0m  [1mSELECT "tags".* FROM "tags" INNER JOIN "servers_tags" ON "tags"."id" = "servers_tags"."tag_id" WHERE "servers_tags"."server_id" = 43[0m
  [1m[35mCACHE (0.0ms)[0m  SELECT "projects".* FROM "projects" WHERE "projects"."id" = 1 LIMIT 1
  [1m[36mTag Load (0.1ms)[0m  [1mSELECT "tags".* FROM "tags" INNER JOIN "servers_tags" ON "tags"."id" = "servers_tags"."tag_id" WHERE "servers_tags"."server_id" = 44[0m
  [1m[35mCACHE (0.0ms)[0m  SELECT "projects".* FROM "projects" WHERE "projects"."id" = 1 LIMIT 1
  [1m[36mTag Load (0.1ms)[0m  [1mSELECT "tags".* FROM "tags" INNER JOIN "servers_tags" ON "tags"."id" = "servers_tags"."tag_id" WHERE "servers_tags"."server_id" = 45[0m
  [1m[35mCACHE (0.0ms)[0m  SELECT "projects".* FROM "projects" WHERE "projects"."id" = 1 LIMIT 1
  [1m[36mTag Load (0.1ms)[0m  [1mSELECT "tags".* FROM "tags" INNER JOIN "servers_tags" ON "tags"."id" = "servers_tags"."tag_id" WHERE "servers_tags"."server_id" = 46[0m
  [1m[35mCACHE (0.0ms)[0m  SELECT "projects".* FROM "projects" WHERE "projects"."id" = 1 LIMIT 1
  [1m[36mTag Load (0.1ms)[0m  [1mSELECT "tags".* FROM "tags" INNER JOIN "servers_tags" ON "tags"."id" = "servers_tags"."tag_id" WHERE "servers_tags"."server_id" = 47[0m
Rendered servers/index.html.erb within layouts/application (538.1ms)
Completed 200 OK in 720ms (Views: 679.4ms | ActiveRecord: 7.3ms)
